problem_id = 0 with stochatstic=False and noisy=Falsefinished training in 15:46:31 2020-12-03
problem_id = 0 with stochatstic=False and noisy=Truefinished training in 15:46:33 2020-12-03
problem_id = 0 with stochatstic=True and noisy=Falsefinished training in 15:46:35 2020-12-03
problem_id = 0 with stochatstic=True and noisy=Truefinished training in 15:46:37 2020-12-03
problem_id = 1 with stochatstic=False and noisy=Falsefinished training in 15:46:39 2020-12-03
problem_id = 1 with stochatstic=False and noisy=Truefinished training in 15:46:41 2020-12-03
problem_id = 1 with stochatstic=True and noisy=Falsefinished training in 15:46:43 2020-12-03
problem_id = 1 with stochatstic=True and noisy=Truefinished training in 15:46:46 2020-12-03
problem_id = 2 with stochatstic=False and noisy=Falsefinished training in 15:46:48 2020-12-03
problem_id = 2 with stochatstic=False and noisy=Truefinished training in 15:46:50 2020-12-03
problem_id = 2 with stochatstic=True and noisy=Falsefinished training in 15:46:52 2020-12-03
problem_id = 2 with stochatstic=True and noisy=Truefinished training in 15:46:54 2020-12-03
problem_id = 3 with stochatstic=False and noisy=Falsefinished training in 15:46:56 2020-12-03
problem_id = 3 with stochatstic=False and noisy=Truefinished training in 15:46:58 2020-12-03
problem_id = 3 with stochatstic=True and noisy=Falsefinished training in 15:47:00 2020-12-03
problem_id = 3 with stochatstic=True and noisy=Truefinished training in 15:47:02 2020-12-03
problem_id = 4 with stochatstic=False and noisy=Falsefinished training in 15:47:05 2020-12-03
problem_id = 4 with stochatstic=False and noisy=Truefinished training in 15:47:07 2020-12-03
problem_id = 4 with stochatstic=True and noisy=Falsefinished training in 15:47:09 2020-12-03
problem_id = 4 with stochatstic=True and noisy=Truefinished training in 15:47:11 2020-12-03
problem_id = 5 with stochatstic=False and noisy=Falsefinished training in 15:47:13 2020-12-03
problem_id = 5 with stochatstic=False and noisy=Truefinished training in 15:47:15 2020-12-03
problem_id = 5 with stochatstic=True and noisy=Falsefinished training in 15:47:17 2020-12-03
problem_id = 5 with stochatstic=True and noisy=Truefinished training in 15:47:19 2020-12-03
problem_id = 6 with stochatstic=False and noisy=Falsefinished training in 15:47:21 2020-12-03
problem_id = 6 with stochatstic=False and noisy=Truefinished training in 15:47:23 2020-12-03
problem_id = 6 with stochatstic=True and noisy=Falsefinished training in 15:47:25 2020-12-03
problem_id = 6 with stochatstic=True and noisy=Truefinished training in 15:47:27 2020-12-03
problem_id = 7 with stochatstic=False and noisy=Falsefinished training in 15:47:29 2020-12-03
problem_id = 7 with stochatstic=False and noisy=Truefinished training in 15:47:32 2020-12-03
problem_id = 7 with stochatstic=True and noisy=Falsefinished training in 15:47:34 2020-12-03
problem_id = 7 with stochatstic=True and noisy=Truefinished training in 15:47:36 2020-12-03
problem_id = 8 with stochatstic=False and noisy=Falsefinished training in 15:47:38 2020-12-03
problem_id = 8 with stochatstic=False and noisy=Truefinished training in 15:47:40 2020-12-03
problem_id = 8 with stochatstic=True and noisy=Falsefinished training in 15:47:42 2020-12-03
problem_id = 8 with stochatstic=True and noisy=Truefinished training in 15:47:44 2020-12-03
problem_id = 9 with stochatstic=False and noisy=Falsefinished training in 15:47:46 2020-12-03
problem_id = 9 with stochatstic=False and noisy=Truefinished training in 15:47:48 2020-12-03
problem_id = 9 with stochatstic=True and noisy=Falsefinished training in 15:47:50 2020-12-03
problem_id = 9 with stochatstic=True and noisy=Truefinished training in 15:47:52 2020-12-03
problem_id = 0 with stochatstic=False and noisy=Falsefinished training in 15:55:50 2020-12-03
problem_id = 0 with stochatstic=False and noisy=Truefinished training in 15:55:51 2020-12-03
problem_id = 0 with stochatstic=True and noisy=Falsefinished training in 15:55:52 2020-12-03
problem_id = 0 with stochatstic=True and noisy=Truefinished training in 15:55:53 2020-12-03
problem_id = 1 with stochatstic=False and noisy=Falsefinished training in 15:55:54 2020-12-03
problem_id = 1 with stochatstic=False and noisy=Truefinished training in 15:55:55 2020-12-03
problem_id = 1 with stochatstic=True and noisy=Falsefinished training in 15:55:56 2020-12-03
problem_id = 1 with stochatstic=True and noisy=Truefinished training in 15:55:58 2020-12-03
problem_id = 2 with stochatstic=False and noisy=Falsefinished training in 15:55:59 2020-12-03
problem_id = 2 with stochatstic=False and noisy=Truefinished training in 15:56:00 2020-12-03
problem_id = 2 with stochatstic=True and noisy=Falsefinished training in 15:56:01 2020-12-03
problem_id = 2 with stochatstic=True and noisy=Truefinished training in 15:56:02 2020-12-03
problem_id = 3 with stochatstic=False and noisy=Falsefinished training in 15:56:03 2020-12-03
problem_id = 3 with stochatstic=False and noisy=Truefinished training in 15:56:04 2020-12-03
problem_id = 3 with stochatstic=True and noisy=Falsefinished training in 15:56:05 2020-12-03
problem_id = 3 with stochatstic=True and noisy=Truefinished training in 15:56:06 2020-12-03
problem_id = 4 with stochatstic=False and noisy=Falsefinished training in 15:56:07 2020-12-03
problem_id = 4 with stochatstic=False and noisy=Truefinished training in 15:56:08 2020-12-03
problem_id = 4 with stochatstic=True and noisy=Falsefinished training in 15:56:09 2020-12-03
problem_id = 4 with stochatstic=True and noisy=Truefinished training in 15:56:10 2020-12-03
problem_id = 5 with stochatstic=False and noisy=Falsefinished training in 15:56:11 2020-12-03
problem_id = 5 with stochatstic=False and noisy=Truefinished training in 15:56:12 2020-12-03
problem_id = 5 with stochatstic=True and noisy=Falsefinished training in 15:56:13 2020-12-03
problem_id = 5 with stochatstic=True and noisy=Truefinished training in 15:56:14 2020-12-03
problem_id = 6 with stochatstic=False and noisy=Falsefinished training in 15:56:15 2020-12-03
problem_id = 6 with stochatstic=False and noisy=Truefinished training in 15:56:16 2020-12-03
problem_id = 6 with stochatstic=True and noisy=Falsefinished training in 15:56:17 2020-12-03
problem_id = 6 with stochatstic=True and noisy=Truefinished training in 15:56:19 2020-12-03
problem_id = 7 with stochatstic=False and noisy=Falsefinished training in 15:56:20 2020-12-03
problem_id = 7 with stochatstic=False and noisy=Truefinished training in 15:56:21 2020-12-03
problem_id = 7 with stochatstic=True and noisy=Falsefinished training in 15:56:22 2020-12-03
problem_id = 7 with stochatstic=True and noisy=Truefinished training in 15:56:23 2020-12-03
problem_id = 8 with stochatstic=False and noisy=Falsefinished training in 15:56:24 2020-12-03
problem_id = 8 with stochatstic=False and noisy=Truefinished training in 15:56:25 2020-12-03
problem_id = 8 with stochatstic=True and noisy=Falsefinished training in 15:56:26 2020-12-03
problem_id = 8 with stochatstic=True and noisy=Truefinished training in 15:56:27 2020-12-03
problem_id = 9 with stochatstic=False and noisy=Falsefinished training in 15:56:28 2020-12-03
problem_id = 9 with stochatstic=False and noisy=Truefinished training in 15:56:29 2020-12-03
problem_id = 9 with stochatstic=True and noisy=Falsefinished training in 15:56:30 2020-12-03
problem_id = 9 with stochatstic=True and noisy=Truefinished training in 15:56:31 2020-12-03
problem_id = 0 with stochatstic=False and noisy=False finished training in 15:57:53 2020-12-03
problem_id = 0 with stochatstic=False and noisy=True finished training in 15:57:54 2020-12-03
problem_id = 0 with stochatstic=True and noisy=False finished training in 15:57:55 2020-12-03
problem_id = 0 with stochatstic=True and noisy=True finished training in 15:57:56 2020-12-03
problem_id = 1 with stochatstic=False and noisy=False finished training in 15:57:57 2020-12-03
problem_id = 1 with stochatstic=False and noisy=True finished training in 15:57:58 2020-12-03
problem_id = 1 with stochatstic=True and noisy=False finished training in 15:57:59 2020-12-03
problem_id = 1 with stochatstic=True and noisy=True finished training in 15:58:00 2020-12-03
problem_id = 2 with stochatstic=False and noisy=False finished training in 15:58:01 2020-12-03
problem_id = 2 with stochatstic=False and noisy=True finished training in 15:58:03 2020-12-03
problem_id = 2 with stochatstic=True and noisy=False finished training in 15:58:04 2020-12-03
problem_id = 2 with stochatstic=True and noisy=True finished training in 15:58:05 2020-12-03
problem_id = 3 with stochatstic=False and noisy=False finished training in 15:58:06 2020-12-03
problem_id = 3 with stochatstic=False and noisy=True finished training in 15:58:07 2020-12-03
problem_id = 3 with stochatstic=True and noisy=False finished training in 15:58:08 2020-12-03
problem_id = 3 with stochatstic=True and noisy=True finished training in 15:58:09 2020-12-03
problem_id = 4 with stochatstic=False and noisy=False finished training in 15:58:10 2020-12-03
problem_id = 4 with stochatstic=False and noisy=True finished training in 15:58:11 2020-12-03
problem_id = 4 with stochatstic=True and noisy=False finished training in 15:58:12 2020-12-03
problem_id = 4 with stochatstic=True and noisy=True finished training in 15:58:13 2020-12-03
problem_id = 5 with stochatstic=False and noisy=False finished training in 15:58:14 2020-12-03
problem_id = 5 with stochatstic=False and noisy=True finished training in 15:58:15 2020-12-03
problem_id = 5 with stochatstic=True and noisy=False finished training in 15:58:16 2020-12-03
problem_id = 5 with stochatstic=True and noisy=True finished training in 15:58:18 2020-12-03
problem_id = 6 with stochatstic=False and noisy=False finished training in 15:58:19 2020-12-03
problem_id = 6 with stochatstic=False and noisy=True finished training in 15:58:20 2020-12-03
problem_id = 6 with stochatstic=True and noisy=False finished training in 15:58:21 2020-12-03
problem_id = 6 with stochatstic=True and noisy=True finished training in 15:58:22 2020-12-03
problem_id = 7 with stochatstic=False and noisy=False finished training in 15:58:23 2020-12-03
problem_id = 7 with stochatstic=False and noisy=True finished training in 15:58:24 2020-12-03
problem_id = 7 with stochatstic=True and noisy=False finished training in 15:58:25 2020-12-03
problem_id = 7 with stochatstic=True and noisy=True finished training in 15:58:26 2020-12-03
problem_id = 8 with stochatstic=False and noisy=False finished training in 15:58:27 2020-12-03
problem_id = 8 with stochatstic=False and noisy=True finished training in 15:58:28 2020-12-03
problem_id = 8 with stochatstic=True and noisy=False finished training in 15:58:29 2020-12-03
problem_id = 8 with stochatstic=True and noisy=True finished training in 15:58:30 2020-12-03
problem_id = 9 with stochatstic=False and noisy=False finished training in 15:58:31 2020-12-03
problem_id = 9 with stochatstic=False and noisy=True finished training in 15:58:32 2020-12-03
problem_id = 9 with stochatstic=True and noisy=False finished training in 15:58:34 2020-12-03
problem_id = 9 with stochatstic=True and noisy=True finished training in 15:58:35 2020-12-03
problem_id = 0 with stochatstic=False and noisy=False finished training in 18:08:04 2020-12-03
problem_id = 0 with stochatstic=False and noisy=True finished training in 18:08:05 2020-12-03
problem_id = 0 with stochatstic=True and noisy=False finished training in 18:08:06 2020-12-03
problem_id = 0 with stochatstic=True and noisy=True finished training in 18:08:07 2020-12-03
problem_id = 1 with stochatstic=False and noisy=False finished training in 18:08:08 2020-12-03
problem_id = 1 with stochatstic=False and noisy=True finished training in 18:08:09 2020-12-03
problem_id = 1 with stochatstic=True and noisy=False finished training in 18:08:10 2020-12-03
problem_id = 1 with stochatstic=True and noisy=True finished training in 18:08:11 2020-12-03
problem_id = 2 with stochatstic=False and noisy=False finished training in 18:08:13 2020-12-03
problem_id = 2 with stochatstic=False and noisy=True finished training in 18:08:14 2020-12-03
problem_id = 2 with stochatstic=True and noisy=False finished training in 18:08:15 2020-12-03
problem_id = 2 with stochatstic=True and noisy=True finished training in 18:08:16 2020-12-03
problem_id = 3 with stochatstic=False and noisy=False finished training in 18:08:17 2020-12-03
problem_id = 3 with stochatstic=False and noisy=True finished training in 18:08:18 2020-12-03
problem_id = 3 with stochatstic=True and noisy=False finished training in 18:08:19 2020-12-03
problem_id = 3 with stochatstic=True and noisy=True finished training in 18:08:20 2020-12-03
problem_id = 4 with stochatstic=False and noisy=False finished training in 18:08:21 2020-12-03
problem_id = 4 with stochatstic=False and noisy=True finished training in 18:08:22 2020-12-03
problem_id = 4 with stochatstic=True and noisy=False finished training in 18:08:23 2020-12-03
problem_id = 4 with stochatstic=True and noisy=True finished training in 18:08:24 2020-12-03
problem_id = 5 with stochatstic=False and noisy=False finished training in 18:08:26 2020-12-03
problem_id = 5 with stochatstic=False and noisy=True finished training in 18:08:27 2020-12-03
problem_id = 5 with stochatstic=True and noisy=False finished training in 18:08:28 2020-12-03
problem_id = 5 with stochatstic=True and noisy=True finished training in 18:08:29 2020-12-03
problem_id = 6 with stochatstic=False and noisy=False finished training in 18:08:30 2020-12-03
problem_id = 6 with stochatstic=False and noisy=True finished training in 18:08:31 2020-12-03
problem_id = 6 with stochatstic=True and noisy=False finished training in 18:08:32 2020-12-03
problem_id = 6 with stochatstic=True and noisy=True finished training in 18:08:33 2020-12-03
problem_id = 7 with stochatstic=False and noisy=False finished training in 18:08:34 2020-12-03
problem_id = 7 with stochatstic=False and noisy=True finished training in 18:08:36 2020-12-03
problem_id = 7 with stochatstic=True and noisy=False finished training in 18:08:37 2020-12-03
problem_id = 7 with stochatstic=True and noisy=True finished training in 18:08:39 2020-12-03
problem_id = 8 with stochatstic=False and noisy=False finished training in 18:08:40 2020-12-03
problem_id = 8 with stochatstic=False and noisy=True finished training in 18:08:41 2020-12-03
problem_id = 8 with stochatstic=True and noisy=False finished training in 18:08:42 2020-12-03
problem_id = 8 with stochatstic=True and noisy=True finished training in 18:08:43 2020-12-03
problem_id = 9 with stochatstic=False and noisy=False finished training in 18:08:44 2020-12-03
problem_id = 9 with stochatstic=False and noisy=True finished training in 18:08:45 2020-12-03
problem_id = 9 with stochatstic=True and noisy=False finished training in 18:08:46 2020-12-03
problem_id = 9 with stochatstic=True and noisy=True finished training in 18:08:47 2020-12-03
problem_id = 0 with stochatstic=False and noisy=False finished training in 18:10:44 2020-12-03
problem_id = 0 with stochatstic=False and noisy=True finished training in 18:10:45 2020-12-03
problem_id = 0 with stochatstic=True and noisy=False finished training in 18:10:47 2020-12-03
problem_id = 0 with stochatstic=True and noisy=True finished training in 18:10:48 2020-12-03
problem_id = 1 with stochatstic=False and noisy=False finished training in 18:10:49 2020-12-03
problem_id = 1 with stochatstic=False and noisy=True finished training in 18:10:50 2020-12-03
problem_id = 1 with stochatstic=True and noisy=False finished training in 18:10:51 2020-12-03
problem_id = 1 with stochatstic=True and noisy=True finished training in 18:10:52 2020-12-03
problem_id = 2 with stochatstic=False and noisy=False finished training in 18:10:53 2020-12-03
problem_id = 2 with stochatstic=False and noisy=True finished training in 18:10:54 2020-12-03
problem_id = 2 with stochatstic=True and noisy=False finished training in 18:10:55 2020-12-03
problem_id = 2 with stochatstic=True and noisy=True finished training in 18:10:56 2020-12-03
problem_id = 3 with stochatstic=False and noisy=False finished training in 18:10:58 2020-12-03
problem_id = 3 with stochatstic=False and noisy=True finished training in 18:10:59 2020-12-03
problem_id = 3 with stochatstic=True and noisy=False finished training in 18:11:00 2020-12-03
problem_id = 3 with stochatstic=True and noisy=True finished training in 18:11:01 2020-12-03
problem_id = 4 with stochatstic=False and noisy=False finished training in 18:11:02 2020-12-03
problem_id = 4 with stochatstic=False and noisy=True finished training in 18:11:03 2020-12-03
problem_id = 4 with stochatstic=True and noisy=False finished training in 18:11:04 2020-12-03
problem_id = 4 with stochatstic=True and noisy=True finished training in 18:11:05 2020-12-03
problem_id = 5 with stochatstic=False and noisy=False finished training in 18:11:06 2020-12-03
problem_id = 5 with stochatstic=False and noisy=True finished training in 18:11:08 2020-12-03
problem_id = 5 with stochatstic=True and noisy=False finished training in 18:11:09 2020-12-03
problem_id = 5 with stochatstic=True and noisy=True finished training in 18:11:10 2020-12-03
problem_id = 6 with stochatstic=False and noisy=False finished training in 18:11:11 2020-12-03
problem_id = 6 with stochatstic=False and noisy=True finished training in 18:11:12 2020-12-03
problem_id = 6 with stochatstic=True and noisy=False finished training in 18:11:13 2020-12-03
problem_id = 6 with stochatstic=True and noisy=True finished training in 18:11:14 2020-12-03
problem_id = 7 with stochatstic=False and noisy=False finished training in 18:11:15 2020-12-03
problem_id = 7 with stochatstic=False and noisy=True finished training in 18:11:16 2020-12-03
problem_id = 7 with stochatstic=True and noisy=False finished training in 18:11:17 2020-12-03
problem_id = 7 with stochatstic=True and noisy=True finished training in 18:11:18 2020-12-03
problem_id = 8 with stochatstic=False and noisy=False finished training in 18:11:20 2020-12-03
problem_id = 8 with stochatstic=False and noisy=True finished training in 18:11:21 2020-12-03
problem_id = 8 with stochatstic=True and noisy=False finished training in 18:11:22 2020-12-03
problem_id = 8 with stochatstic=True and noisy=True finished training in 18:11:23 2020-12-03
problem_id = 9 with stochatstic=False and noisy=False finished training in 18:11:24 2020-12-03
problem_id = 9 with stochatstic=False and noisy=True finished training in 18:11:25 2020-12-03
problem_id = 9 with stochatstic=True and noisy=False finished training in 18:11:26 2020-12-03
problem_id = 9 with stochatstic=True and noisy=True finished training in 18:11:27 2020-12-03
problem_id = 0 with stochatstic=False and noisy=False finished training in 18:15:13 2020-12-03
problem_id = 0 with stochatstic=False and noisy=True finished training in 18:16:05 2020-12-03
problem_id = 0 with stochatstic=True and noisy=False finished training in 18:16:59 2020-12-03
problem_id = 0 with stochatstic=True and noisy=True finished training in 18:17:51 2020-12-03
problem_id = 1 with stochatstic=False and noisy=False finished training in 18:18:43 2020-12-03
problem_id = 1 with stochatstic=False and noisy=True finished training in 18:19:36 2020-12-03
problem_id = 1 with stochatstic=True and noisy=False finished training in 18:20:27 2020-12-03
problem_id = 1 with stochatstic=True and noisy=True finished training in 18:21:19 2020-12-03
problem_id = 2 with stochatstic=False and noisy=False finished training in 19:20:56 2020-12-03
problem_id = 2 with stochatstic=False and noisy=True finished training in 19:21:49 2020-12-03
problem_id = 2 with stochatstic=True and noisy=False finished training in 19:22:40 2020-12-03
problem_id = 0 with stochatstic=False and noisy=False finished training in 19:57:46 2020-12-03
problem_id = 0 with stochatstic=False and noisy=True finished training in 20:09:29 2020-12-03
problem_id = 0 with stochatstic=True and noisy=False finished training in 20:21:11 2020-12-03
problem_id = 0 with stochatstic=False and noisy=False finished training in 20:53:12 2020-12-03
problem_id = 0 with stochatstic=False and noisy=True finished training in 20:53:13 2020-12-03
problem_id = 0 with stochatstic=True and noisy=False finished training in 20:53:14 2020-12-03
problem_id = 0 with stochatstic=True and noisy=True finished training in 20:53:15 2020-12-03
problem_id = 1 with stochatstic=False and noisy=False finished training in 20:53:16 2020-12-03
problem_id = 1 with stochatstic=False and noisy=True finished training in 20:53:17 2020-12-03
problem_id = 1 with stochatstic=True and noisy=False finished training in 20:53:18 2020-12-03
problem_id = 1 with stochatstic=True and noisy=True finished training in 20:53:19 2020-12-03
problem_id = 2 with stochatstic=False and noisy=False finished training in 20:53:20 2020-12-03
problem_id = 2 with stochatstic=False and noisy=True finished training in 20:53:21 2020-12-03
problem_id = 2 with stochatstic=True and noisy=False finished training in 20:53:22 2020-12-03
problem_id = 2 with stochatstic=True and noisy=True finished training in 20:53:23 2020-12-03
problem_id = 3 with stochatstic=False and noisy=False finished training in 20:53:25 2020-12-03
problem_id = 3 with stochatstic=False and noisy=True finished training in 20:53:26 2020-12-03
problem_id = 3 with stochatstic=True and noisy=False finished training in 20:53:27 2020-12-03
problem_id = 3 with stochatstic=True and noisy=True finished training in 20:53:28 2020-12-03
problem_id = 4 with stochatstic=False and noisy=False finished training in 20:53:29 2020-12-03
problem_id = 4 with stochatstic=False and noisy=True finished training in 20:53:30 2020-12-03
problem_id = 4 with stochatstic=True and noisy=False finished training in 20:53:31 2020-12-03
problem_id = 4 with stochatstic=True and noisy=True finished training in 20:53:32 2020-12-03
problem_id = 5 with stochatstic=False and noisy=False finished training in 20:53:33 2020-12-03
problem_id = 5 with stochatstic=False and noisy=True finished training in 20:53:34 2020-12-03
problem_id = 5 with stochatstic=True and noisy=False finished training in 20:53:35 2020-12-03
problem_id = 5 with stochatstic=True and noisy=True finished training in 20:53:37 2020-12-03
problem_id = 6 with stochatstic=False and noisy=False finished training in 20:53:38 2020-12-03
problem_id = 6 with stochatstic=False and noisy=True finished training in 20:53:39 2020-12-03
problem_id = 6 with stochatstic=True and noisy=False finished training in 20:53:40 2020-12-03
problem_id = 6 with stochatstic=True and noisy=True finished training in 20:53:41 2020-12-03
problem_id = 7 with stochatstic=False and noisy=False finished training in 20:53:42 2020-12-03
problem_id = 7 with stochatstic=False and noisy=True finished training in 20:53:43 2020-12-03
problem_id = 7 with stochatstic=True and noisy=False finished training in 20:53:44 2020-12-03
problem_id = 7 with stochatstic=True and noisy=True finished training in 20:53:45 2020-12-03
problem_id = 8 with stochatstic=False and noisy=False finished training in 20:53:46 2020-12-03
problem_id = 8 with stochatstic=False and noisy=True finished training in 20:53:47 2020-12-03
problem_id = 8 with stochatstic=True and noisy=False finished training in 20:53:48 2020-12-03
problem_id = 8 with stochatstic=True and noisy=True finished training in 20:53:49 2020-12-03
problem_id = 9 with stochatstic=False and noisy=False finished training in 20:53:50 2020-12-03
problem_id = 9 with stochatstic=False and noisy=True finished training in 20:53:52 2020-12-03
problem_id = 9 with stochatstic=True and noisy=False finished training in 20:53:53 2020-12-03
problem_id = 9 with stochatstic=True and noisy=True finished training in 20:53:54 2020-12-03
problem_id = 0 with stochatstic=False and noisy=False finished training in 21:07:39 2020-12-03
problem_id = 0 with stochatstic=False and noisy=True finished training in 21:18:27 2020-12-03
problem_id = 0 with stochatstic=True and noisy=False finished training in 21:33:08 2020-12-03
problem_id = 0 with stochatstic=True and noisy=True finished training in 21:47:59 2020-12-03
problem_id = 1 with stochatstic=False and noisy=False finished training in 21:59:30 2020-12-03
problem_id = 1 with stochatstic=False and noisy=True finished training in 22:10:45 2020-12-03
problem_id = 1 with stochatstic=True and noisy=False finished training in 22:22:01 2020-12-03
problem_id = 1 with stochatstic=True and noisy=True finished training in 22:33:06 2020-12-03
problem_id = 2 with stochatstic=False and noisy=False finished training in 22:43:48 2020-12-03
problem_id = 2 with stochatstic=False and noisy=True finished training in 22:54:19 2020-12-03
problem_id = 2 with stochatstic=True and noisy=False finished training in 23:05:00 2020-12-03
problem_id = 2 with stochatstic=True and noisy=True finished training in 23:15:50 2020-12-03
problem_id = 3 with stochatstic=False and noisy=False finished training in 23:27:55 2020-12-03
problem_id = 3 with stochatstic=False and noisy=True finished training in 23:38:58 2020-12-03
problem_id = 3 with stochatstic=True and noisy=False finished training in 23:49:48 2020-12-03
problem_id = 3 with stochatstic=True and noisy=True finished training in 00:00:57 2020-12-04
problem_id = 4 with stochatstic=False and noisy=False finished training in 00:12:03 2020-12-04
problem_id = 4 with stochatstic=False and noisy=True finished training in 00:23:19 2020-12-04
problem_id = 4 with stochatstic=True and noisy=False finished training in 00:34:32 2020-12-04
problem_id = 4 with stochatstic=True and noisy=True finished training in 00:45:07 2020-12-04
problem_id = 5 with stochatstic=False and noisy=False finished training in 00:56:06 2020-12-04
problem_id = 5 with stochatstic=False and noisy=True finished training in 01:07:05 2020-12-04
problem_id = 5 with stochatstic=True and noisy=False finished training in 01:17:35 2020-12-04
problem_id = 5 with stochatstic=True and noisy=True finished training in 01:28:28 2020-12-04
problem_id = 6 with stochatstic=False and noisy=False finished training in 01:39:04 2020-12-04
problem_id = 6 with stochatstic=False and noisy=True finished training in 01:49:44 2020-12-04
problem_id = 6 with stochatstic=True and noisy=False finished training in 02:00:14 2020-12-04
problem_id = 6 with stochatstic=True and noisy=True finished training in 02:10:46 2020-12-04
problem_id = 7 with stochatstic=False and noisy=False finished training in 02:21:14 2020-12-04
problem_id = 7 with stochatstic=False and noisy=True finished training in 02:31:48 2020-12-04
problem_id = 7 with stochatstic=True and noisy=False finished training in 02:42:30 2020-12-04
problem_id = 7 with stochatstic=True and noisy=True finished training in 02:53:04 2020-12-04
problem_id = 8 with stochatstic=False and noisy=False finished training in 03:03:36 2020-12-04
problem_id = 8 with stochatstic=False and noisy=True finished training in 03:14:09 2020-12-04
problem_id = 8 with stochatstic=True and noisy=False finished training in 03:24:42 2020-12-04
problem_id = 8 with stochatstic=True and noisy=True finished training in 03:35:28 2020-12-04
problem_id = 9 with stochatstic=False and noisy=False finished training in 03:46:29 2020-12-04
problem_id = 9 with stochatstic=False and noisy=True finished training in 09:43:32 2020-12-04
problem_id = 9 with stochatstic=True and noisy=False finished training in 09:54:29 2020-12-04
problem_id = 9 with stochatstic=True and noisy=True finished training in 10:05:44 2020-12-04
